#-----------------------------------------------------------
# Vivado v2018.2.2 (64-bit)
# SW Build 2348494 on Mon Oct  1 18:25:44 MDT 2018
# IP Build 2318053 on Mon Oct  1 21:44:26 MDT 2018
# Start of session at: Sat Dec 22 13:29:25 2018
# Process ID: 13480
# Current directory: C:/Google Drive/Lessons/University/3rd Semester/CS 223/Project/Project/project
# Command line: vivado.exe -gui_launcher_event rodinguilauncherevent2800 C:\Google Drive\Lessons\University\3rd Semester\CS 223\Project\Project\project\project.xpr
# Log file: C:/Google Drive/Lessons/University/3rd Semester/CS 223/Project/Project/project/vivado.log
# Journal file: C:/Google Drive/Lessons/University/3rd Semester/CS 223/Project/Project/project\vivado.jou
#-----------------------------------------------------------
start_gui
open_project {C:/Google Drive/Lessons/University/3rd Semester/CS 223/Project/Project/project/project.xpr}
Scanning sources...
Finished scanning sources
INFO: [IP_Flow 19-234] Refreshing IP repositories
INFO: [IP_Flow 19-1704] No user IP repositories specified
INFO: [IP_Flow 19-2313] Loaded Vivado IP repository 'C:/Xilinx/Vivado/2018.2/data/ip'.
open_project: Time (s): cpu = 00:00:15 ; elapsed = 00:00:09 . Memory (MB): peak = 908.840 ; gain = 205.375
update_compile_order -fileset sources_1
exit
INFO: [Common 17-206] Exiting Vivado at Sat Dec 22 13:33:16 2018...
